Performing C SOURCE FILE Test CMAKE_HAVE_LIBC_PTHREAD failed with the following output:
Change Dir: /home/steve/CLionProjects/iz1/cmake-build-debug/CMakeFiles/CMakeTmp

Run Build Command(s):/usr/bin/make cmTC_aab60/fast && make[1]: вход в каталог «/home/steve/CLionProjects/iz1/cmake-build-debug/CMakeFiles/CMakeTmp»
/usr/bin/make  -f CMakeFiles/cmTC_aab60.dir/build.make CMakeFiles/cmTC_aab60.dir/build
make[2]: вход в каталог «/home/steve/CLionProjects/iz1/cmake-build-debug/CMakeFiles/CMakeTmp»
Building C object CMakeFiles/cmTC_aab60.dir/src.c.o
/usr/bin/cc   -Wall -Wextra -Werror -DCMAKE_HAVE_LIBC_PTHREAD   -std=gnu11 -o CMakeFiles/cmTC_aab60.dir/src.c.o   -c /home/steve/CLionProjects/iz1/cmake-build-debug/CMakeFiles/CMakeTmp/src.c
Linking C executable cmTC_aab60
/snap/clion/126/bin/cmake/linux/bin/cmake -E cmake_link_script CMakeFiles/cmTC_aab60.dir/link.txt --verbose=1
/usr/bin/cc -Wall -Wextra -Werror -DCMAKE_HAVE_LIBC_PTHREAD    CMakeFiles/cmTC_aab60.dir/src.c.o  -o cmTC_aab60 
/usr/bin/ld: CMakeFiles/cmTC_aab60.dir/src.c.o: в функции «main»:
src.c:(.text+0x46): неопределённая ссылка на «pthread_create»
/usr/bin/ld: src.c:(.text+0x52): неопределённая ссылка на «pthread_detach»
/usr/bin/ld: src.c:(.text+0x5e): неопределённая ссылка на «pthread_cancel»
/usr/bin/ld: src.c:(.text+0x6f): неопределённая ссылка на «pthread_join»
collect2: error: ld returned 1 exit status
make[2]: *** [CMakeFiles/cmTC_aab60.dir/build.make:107: cmTC_aab60] Ошибка 1
make[2]: выход из каталога «/home/steve/CLionProjects/iz1/cmake-build-debug/CMakeFiles/CMakeTmp»
make[1]: *** [Makefile:141: cmTC_aab60/fast] Ошибка 2
make[1]: выход из каталога «/home/steve/CLionProjects/iz1/cmake-build-debug/CMakeFiles/CMakeTmp»


Source file was:
#include <pthread.h>

void* test_func(void* data)
{
  return data;
}

int main(void)
{
  pthread_t thread;
  pthread_create(&thread, NULL, test_func, NULL);
  pthread_detach(thread);
  pthread_cancel(thread);
  pthread_join(thread, NULL);
  pthread_atfork(NULL, NULL, NULL);
  pthread_exit(NULL);

  return 0;
}

Determining if the function pthread_create exists in the pthreads failed with the following output:
Change Dir: /home/steve/CLionProjects/iz1/cmake-build-debug/CMakeFiles/CMakeTmp

Run Build Command(s):/usr/bin/make cmTC_26575/fast && make[1]: вход в каталог «/home/steve/CLionProjects/iz1/cmake-build-debug/CMakeFiles/CMakeTmp»
/usr/bin/make  -f CMakeFiles/cmTC_26575.dir/build.make CMakeFiles/cmTC_26575.dir/build
make[2]: вход в каталог «/home/steve/CLionProjects/iz1/cmake-build-debug/CMakeFiles/CMakeTmp»
Building C object CMakeFiles/cmTC_26575.dir/CheckFunctionExists.c.o
/usr/bin/cc   -Wall -Wextra -Werror -DCHECK_FUNCTION_EXISTS=pthread_create   -std=gnu11 -o CMakeFiles/cmTC_26575.dir/CheckFunctionExists.c.o   -c /snap/clion/126/bin/cmake/linux/share/cmake-3.17/Modules/CheckFunctionExists.c
Linking C executable cmTC_26575
/snap/clion/126/bin/cmake/linux/bin/cmake -E cmake_link_script CMakeFiles/cmTC_26575.dir/link.txt --verbose=1
/usr/bin/cc -Wall -Wextra -Werror -DCHECK_FUNCTION_EXISTS=pthread_create    CMakeFiles/cmTC_26575.dir/CheckFunctionExists.c.o  -o cmTC_26575  -lpthreads 
/usr/bin/ld: невозможно найти -lpthreads
collect2: error: ld returned 1 exit status
make[2]: *** [CMakeFiles/cmTC_26575.dir/build.make:107: cmTC_26575] Ошибка 1
make[2]: выход из каталога «/home/steve/CLionProjects/iz1/cmake-build-debug/CMakeFiles/CMakeTmp»
make[1]: *** [Makefile:141: cmTC_26575/fast] Ошибка 2
make[1]: выход из каталога «/home/steve/CLionProjects/iz1/cmake-build-debug/CMakeFiles/CMakeTmp»



